<?xml version="1.0" encoding="UTF-8"?>
<!-- Generated by org.testng.reporters.JUnitXMLReporter -->
<testsuite ignored="0" hostname="DESKTOP-AUJ1KT1" failures="0" tests="6" name="Default test" time="0.038" errors="0" timestamp="2021-06-19T20:37:32 IST">
  <testcase classname="test.day3" name="LoginAPICarLoan" time="0.004"/>
  <testcase classname="test.day3" name="LoginAPICarLoanTest" time="0.0"/>
  <testcase classname="test.day3" name="LoginAPICarLoanTest" time="0.0"/>
  <testcase classname="test.day3" name="LoginAPICarLoanTest" time="0.001"/>
  <testcase classname="test.day3" name="MobileLoginCarLoan" time="0.001"/>
  <testcase classname="test.day3" name="WebLoginCarLoan" time="0.001"/>
</testsuite> <!-- Default test -->
