<?xml version="1.0" encoding="UTF-8"?>
<!-- Generated by org.testng.reporters.JUnitXMLReporter -->
<testsuite ignored="1" hostname="DESKTOP-AUJ1KT1" failures="0" tests="5" name="Car Loan" time="0.011" errors="0" timestamp="2021-06-21T21:15:03 IST">
  <testcase classname="test.day3" name="LoginAPICarLoan" time="0.001"/>
  <testcase classname="test.day3" name="LoginAPICarLoanTest" time="0.001"/>
  <testcase classname="test.day3" name="LoginAPICarLoanTest" time="0.0"/>
  <testcase classname="test.day3" name="LoginAPICarLoanTest" time="0.001"/>
  <testcase classname="test.day3" name="WebLoginCarLoan" time="0.0"/>
  <testcase classname="test.day3" name="MobileLoginCarLoan" time="0.0">
    <ignored/>
  </testcase> <!-- MobileLoginCarLoan -->
</testsuite> <!-- Car Loan -->
