<?xml version="1.0" encoding="UTF-8"?>
<!-- Generated by org.testng.reporters.JUnitXMLReporter -->
<testsuite ignored="0" hostname="DESKTOP-AUJ1KT1" failures="0" tests="5" name="Personal Loan" time="0.032" errors="0" timestamp="2021-06-19T00:34:17 IST">
  <testcase classname="test.day1" name="Demo" time="0.003"/>
  <testcase classname="test.day2" name="Ploan" time="0.0"/>
  <testcase classname="test.day4" name="LoginAPIHomeLoan" time="0.0"/>
  <testcase classname="test.day4" name="MobileLoginHomeLoan" time="0.0"/>
  <testcase classname="test.day4" name="WebLoginHomeLoan" time="0.001"/>
</testsuite> <!-- Personal Loan -->
