<?xml version="1.0" encoding="UTF-8"?>
<testng-results ignored="0" total="1" passed="1" failed="0" skipped="0">
  <reporter-output>
  </reporter-output>
  <suite started-at="2021-06-21T21:15:36 IST" name="Default suite" finished-at="2021-06-21T21:15:36 IST" duration-ms="28">
    <groups>
    </groups>
    <test started-at="2021-06-21T21:15:36 IST" name="Default test" finished-at="2021-06-21T21:15:36 IST" duration-ms="28">
      <class name="test.day1">
        <test-method signature="Demo()[pri:0, instance:test.day1@19d481b]" started-at="2021-06-21T21:15:36 IST" name="Demo" finished-at="2021-06-21T21:15:36 IST" duration-ms="5" status="PASS">
          <reporter-output>
          </reporter-output>
        </test-method> <!-- Demo -->
      </class> <!-- test.day1 -->
    </test> <!-- Default test -->
  </suite> <!-- Default suite -->
</testng-results>
