<?xml version="1.0" encoding="UTF-8"?>
<testng-results ignored="0" total="6" passed="6" failed="0" skipped="0">
  <reporter-output>
  </reporter-output>
  <suite started-at="2021-06-19T20:37:32 IST" name="Default suite" finished-at="2021-06-19T20:37:32 IST" duration-ms="38">
    <groups>
      <group name="smoke">
        <method signature="day3.LoginAPICarLoan()[pri:0, instance:test.day3@6babf3bf]" name="LoginAPICarLoan" class="test.day3"/>
        <method signature="day3.MobileLoginCarLoan()[pri:0, instance:test.day3@6babf3bf]" name="MobileLoginCarLoan" class="test.day3"/>
      </group> <!-- smoke -->
    </groups>
    <test started-at="2021-06-19T20:37:32 IST" name="Default test" finished-at="2021-06-19T20:37:32 IST" duration-ms="38">
      <class name="test.day3">
        <test-method is-config="true" signature="before_suite()[pri:0, instance:test.day3@6babf3bf]" started-at="2021-06-19T20:37:32 IST" name="before_suite" finished-at="2021-06-19T20:37:32 IST" duration-ms="5" status="PASS">
          <reporter-output>
          </reporter-output>
        </test-method> <!-- before_suite -->
        <test-method signature="LoginAPICarLoan()[pri:0, instance:test.day3@6babf3bf]" started-at="2021-06-19T20:37:32 IST" name="LoginAPICarLoan" finished-at="2021-06-19T20:37:32 IST" duration-ms="4" status="PASS">
          <reporter-output>
          </reporter-output>
        </test-method> <!-- LoginAPICarLoan -->
        <test-method signature="LoginAPICarLoanTest(java.lang.String,java.lang.String)[pri:0, instance:test.day3@6babf3bf]" started-at="2021-06-19T20:37:32 IST" name="LoginAPICarLoanTest" data-provider="getData" finished-at="2021-06-19T20:37:32 IST" duration-ms="0" status="PASS">
          <params>
            <param index="0">
              <value>
                <![CDATA[first_user]]>
              </value>
            </param>
            <param index="1">
              <value>
                <![CDATA[first_password]]>
              </value>
            </param>
          </params>
          <reporter-output>
          </reporter-output>
        </test-method> <!-- LoginAPICarLoanTest -->
        <test-method signature="LoginAPICarLoanTest(java.lang.String,java.lang.String)[pri:0, instance:test.day3@6babf3bf]" started-at="2021-06-19T20:37:32 IST" name="LoginAPICarLoanTest" data-provider="getData" finished-at="2021-06-19T20:37:32 IST" duration-ms="0" status="PASS">
          <params>
            <param index="0">
              <value>
                <![CDATA[second_user]]>
              </value>
            </param>
            <param index="1">
              <value>
                <![CDATA[second_password]]>
              </value>
            </param>
          </params>
          <reporter-output>
          </reporter-output>
        </test-method> <!-- LoginAPICarLoanTest -->
        <test-method signature="LoginAPICarLoanTest(java.lang.String,java.lang.String)[pri:0, instance:test.day3@6babf3bf]" started-at="2021-06-19T20:37:32 IST" name="LoginAPICarLoanTest" data-provider="getData" finished-at="2021-06-19T20:37:32 IST" duration-ms="1" status="PASS">
          <params>
            <param index="0">
              <value>
                <![CDATA[third_user]]>
              </value>
            </param>
            <param index="1">
              <value>
                <![CDATA[third_password]]>
              </value>
            </param>
          </params>
          <reporter-output>
          </reporter-output>
        </test-method> <!-- LoginAPICarLoanTest -->
        <test-method signature="MobileLoginCarLoan()[pri:0, instance:test.day3@6babf3bf]" started-at="2021-06-19T20:37:32 IST" name="MobileLoginCarLoan" finished-at="2021-06-19T20:37:32 IST" duration-ms="1" status="PASS">
          <reporter-output>
          </reporter-output>
        </test-method> <!-- MobileLoginCarLoan -->
        <test-method signature="WebLoginCarLoan()[pri:0, instance:test.day3@6babf3bf]" started-at="2021-06-19T20:37:32 IST" name="WebLoginCarLoan" finished-at="2021-06-19T20:37:32 IST" duration-ms="1" status="PASS">
          <reporter-output>
          </reporter-output>
        </test-method> <!-- WebLoginCarLoan -->
      </class> <!-- test.day3 -->
    </test> <!-- Default test -->
  </suite> <!-- Default suite -->
</testng-results>
